npm error code ERESOLVE
npm error ERESOLVE could not resolve
npm error
npm error While resolving: lucide-react@0.300.0
npm error Found: react@19.1.0
npm error node_modules/react
npm error   peer react@">=16.8.0" from @floating-ui/react-dom@2.1.6
npm error   node_modules/@floating-ui/react-dom
npm error     @floating-ui/react-dom@"^2.0.0" from @radix-ui/react-popper@1.2.8
npm error     node_modules/@radix-ui/react-popper
npm error       @radix-ui/react-popper@"1.2.8" from @radix-ui/react-menu@2.1.16
npm error       node_modules/@radix-ui/react-menu
npm error         @radix-ui/react-menu@"2.1.16" from @radix-ui/react-dropdown-menu@2.1.16
npm error         node_modules/@radix-ui/react-dropdown-menu
npm error       1 more (@radix-ui/react-select)
npm error   peer react@"^16.8 || ^17.0 || ^18.0 || ^19.0 || ^19.0.0-rc" from @radix-ui/react-alert-dialog@1.1.15
npm error   node_modules/@radix-ui/react-alert-dialog
npm error     @radix-ui/react-alert-dialog@"^1.1.15" from the root project
npm error   46 more (@radix-ui/react-arrow, @radix-ui/react-collection, ...)
npm error
npm error Could not resolve dependency:
npm error peer react@"^16.5.1 || ^17.0.0 || ^18.0.0" from lucide-react@0.300.0
npm error node_modules/lucide-react
npm error   lucide-react@"^0.300.0" from the root project
npm error
npm error Conflicting peer dependency: react@18.3.1
npm error node_modules/react
npm error   peer react@"^16.5.1 || ^17.0.0 || ^18.0.0" from lucide-react@0.300.0
npm error   node_modules/lucide-react
npm error     lucide-react@"^0.300.0" from the root project
npm error
npm error Fix the upstream dependency conflict, or retry
npm error this command with --force or --legacy-peer-deps
npm error to accept an incorrect (and potentially broken) dependency resolution.
npm error
npm error
npm error For a full report see:
npm error /Users/esterlingaccime/.npm/_logs/2026-02-26T05_41_22_266Z-eresolve-report.txt

npm error A complete log of this run can be found in: /Users/esterlingaccime/.npm/_logs/2026-02-26T05_41_22_266Z-debug-0.log
